<?xml version="1.0" encoding="UTF-8"?>
<testng-results ignored="0" total="3" passed="3" failed="0" skipped="0">
  <reporter-output>
  </reporter-output>
  <suite started-at="2020-02-05T23:44:58 IST" name="Default suite" finished-at="2020-02-05T23:46:01 IST" duration-ms="62895">
    <groups>
    </groups>
    <test started-at="2020-02-05T23:44:58 IST" name="Default test" finished-at="2020-02-05T23:46:01 IST" duration-ms="62895">
      <class name="com.training.sanity.tests.ReviewAssignment">
        <test-method is-config="true" signature="setUpBeforeClass()[pri:0, instance:com.training.sanity.tests.ReviewAssignment@11a9e7c8]" started-at="2020-02-05T23:44:58 IST" name="setUpBeforeClass" finished-at="2020-02-05T23:45:19 IST" duration-ms="21145" status="PASS">
          <reporter-output>
          </reporter-output>
        </test-method> <!-- setUpBeforeClass -->
        <test-method signature="validLoginTest()[pri:0, instance:com.training.sanity.tests.ReviewAssignment@11a9e7c8]" started-at="2020-02-05T23:45:19 IST" name="validLoginTest" finished-at="2020-02-05T23:45:26 IST" duration-ms="6906" status="PASS">
          <reporter-output>
          </reporter-output>
        </test-method> <!-- validLoginTest -->
        <test-method signature="reviewAssignment()[pri:0, instance:com.training.sanity.tests.ReviewAssignment@11a9e7c8]" started-at="2020-02-05T23:45:26 IST" name="reviewAssignment" finished-at="2020-02-05T23:45:56 IST" depends-on-methods="com.training.sanity.tests.ReviewAssignment.validLoginTest" duration-ms="29791" status="PASS">
          <reporter-output>
          </reporter-output>
        </test-method> <!-- reviewAssignment -->
        <test-method signature="validLogOutTest()[pri:0, instance:com.training.sanity.tests.ReviewAssignment@11a9e7c8]" started-at="2020-02-05T23:45:56 IST" name="validLogOutTest" finished-at="2020-02-05T23:45:59 IST" depends-on-methods="com.training.sanity.tests.ReviewAssignment.reviewAssignment" duration-ms="3116" status="PASS">
          <reporter-output>
          </reporter-output>
        </test-method> <!-- validLogOutTest -->
        <test-method is-config="true" signature="tearDown()[pri:0, instance:com.training.sanity.tests.ReviewAssignment@11a9e7c8]" started-at="2020-02-05T23:45:59 IST" name="tearDown" finished-at="2020-02-05T23:46:01 IST" duration-ms="1873" status="PASS">
          <reporter-output>
          </reporter-output>
        </test-method> <!-- tearDown -->
      </class> <!-- com.training.sanity.tests.ReviewAssignment -->
    </test> <!-- Default test -->
  </suite> <!-- Default suite -->
</testng-results>
