<?xml version="1.0" encoding="UTF-8"?>
<testng-results ignored="0" total="1" passed="1" failed="0" skipped="0">
  <reporter-output>
  </reporter-output>
  <suite started-at="2020-01-30T13:05:42 IST" name="Default suite" finished-at="2020-01-30T13:06:14 IST" duration-ms="31019">
    <groups>
    </groups>
    <test started-at="2020-01-30T13:05:42 IST" name="Default test" finished-at="2020-01-30T13:06:14 IST" duration-ms="31019">
      <class name="com.training.sanity.tests.StudentRegister">
        <test-method is-config="true" signature="setUpBeforeClass()[pri:0, instance:com.training.sanity.tests.StudentRegister@3901d134]" started-at="2020-01-30T13:05:43 IST" name="setUpBeforeClass" finished-at="2020-01-30T13:05:43 IST" duration-ms="19" status="PASS">
          <reporter-output>
          </reporter-output>
        </test-method> <!-- setUpBeforeClass -->
        <test-method is-config="true" signature="setUp()[pri:0, instance:com.training.sanity.tests.StudentRegister@3901d134]" started-at="2020-01-30T13:05:43 IST" name="setUp" finished-at="2020-01-30T13:06:01 IST" duration-ms="18018" status="PASS">
          <reporter-output>
          </reporter-output>
        </test-method> <!-- setUp -->
        <test-method signature="signUpTest()[pri:0, instance:com.training.sanity.tests.StudentRegister@3901d134]" started-at="2020-01-30T13:06:01 IST" name="signUpTest" finished-at="2020-01-30T13:06:12 IST" duration-ms="11071" status="PASS">
          <reporter-output>
          </reporter-output>
        </test-method> <!-- signUpTest -->
        <test-method is-config="true" signature="tearDown()[pri:0, instance:com.training.sanity.tests.StudentRegister@3901d134]" started-at="2020-01-30T13:06:12 IST" name="tearDown" finished-at="2020-01-30T13:06:14 IST" duration-ms="1869" status="PASS">
          <reporter-output>
          </reporter-output>
        </test-method> <!-- tearDown -->
      </class> <!-- com.training.sanity.tests.StudentRegister -->
    </test> <!-- Default test -->
  </suite> <!-- Default suite -->
</testng-results>
